<?xml version="1.0" encoding="UTF-8"?>
<testsuite name="com.example.demo.HelloApplicationTests" tests="1" skipped="0" failures="0" errors="0" timestamp="2022-03-02T11:20:47" hostname="DESKTOP-BP73NMV" time="0.288">
  <properties/>
  <testcase name="contextLoads()" classname="com.example.demo.HelloApplicationTests" time="0.288"/>
  <system-out><![CDATA[20:20:45.286 [Test worker] DEBUG org.springframework.test.context.BootstrapUtils - Instantiating CacheAwareContextLoaderDelegate from class [org.springframework.test.context.cache.DefaultCacheAwareContextLoaderDelegate]
20:20:45.295 [Test worker] DEBUG org.springframework.test.context.BootstrapUtils - Instantiating BootstrapContext using constructor [public org.springframework.test.context.support.DefaultBootstrapContext(java.lang.Class,org.springframework.test.context.CacheAwareContextLoaderDelegate)]
20:20:45.321 [Test worker] DEBUG org.springframework.test.context.BootstrapUtils - Instantiating TestContextBootstrapper for test class [com.example.demo.HelloApplicationTests] from class [org.springframework.boot.test.context.SpringBootTestContextBootstrapper]
20:20:45.330 [Test worker] INFO org.springframework.boot.test.context.SpringBootTestContextBootstrapper - Neither @ContextConfiguration nor @ContextHierarchy found for test class [com.example.demo.HelloApplicationTests], using SpringBootContextLoader
20:20:45.333 [Test worker] DEBUG org.springframework.test.context.support.AbstractContextLoader - Did not detect default resource location for test class [com.example.demo.HelloApplicationTests]: class path resource [com/example/demo/HelloApplicationTests-context.xml] does not exist
20:20:45.333 [Test worker] DEBUG org.springframework.test.context.support.AbstractContextLoader - Did not detect default resource location for test class [com.example.demo.HelloApplicationTests]: class path resource [com/example/demo/HelloApplicationTestsContext.groovy] does not exist
20:20:45.334 [Test worker] INFO org.springframework.test.context.support.AbstractContextLoader - Could not detect default resource locations for test class [com.example.demo.HelloApplicationTests]: no resource found for suffixes {-context.xml, Context.groovy}.
20:20:45.334 [Test worker] INFO org.springframework.test.context.support.AnnotationConfigContextLoaderUtils - Could not detect default configuration classes for test class [com.example.demo.HelloApplicationTests]: HelloApplicationTests does not declare any static, non-private, non-final, nested classes annotated with @Configuration.
20:20:45.375 [Test worker] DEBUG org.springframework.test.context.support.ActiveProfilesUtils - Could not find an 'annotation declaring class' for annotation type [org.springframework.test.context.ActiveProfiles] and class [com.example.demo.HelloApplicationTests]
20:20:45.428 [Test worker] DEBUG org.springframework.context.annotation.ClassPathScanningCandidateComponentProvider - Identified candidate component class: file [D:\A_TeachingMaterial\Spring입문\hello\build\classes\java\main\com\example\demo\HelloApplication.class]
20:20:45.429 [Test worker] INFO org.springframework.boot.test.context.SpringBootTestContextBootstrapper - Found @SpringBootConfiguration com.example.demo.HelloApplication for test class com.example.demo.HelloApplicationTests
20:20:45.522 [Test worker] DEBUG org.springframework.boot.test.context.SpringBootTestContextBootstrapper - @TestExecutionListeners is not present for class [com.example.demo.HelloApplicationTests]: using defaults.
20:20:45.523 [Test worker] INFO org.springframework.boot.test.context.SpringBootTestContextBootstrapper - Loaded default TestExecutionListener class names from location [META-INF/spring.factories]: [org.springframework.boot.test.autoconfigure.restdocs.RestDocsTestExecutionListener, org.springframework.boot.test.autoconfigure.web.client.MockRestServiceServerResetTestExecutionListener, org.springframework.boot.test.autoconfigure.web.servlet.MockMvcPrintOnlyOnFailureTestExecutionListener, org.springframework.boot.test.autoconfigure.web.servlet.WebDriverTestExecutionListener, org.springframework.boot.test.autoconfigure.webservices.client.MockWebServiceServerTestExecutionListener, org.springframework.boot.test.mock.mockito.MockitoTestExecutionListener, org.springframework.boot.test.mock.mockito.ResetMocksTestExecutionListener, org.springframework.test.context.web.ServletTestExecutionListener, org.springframework.test.context.support.DirtiesContextBeforeModesTestExecutionListener, org.springframework.test.context.event.ApplicationEventsTestExecutionListener, org.springframework.test.context.support.DependencyInjectionTestExecutionListener, org.springframework.test.context.support.DirtiesContextTestExecutionListener, org.springframework.test.context.transaction.TransactionalTestExecutionListener, org.springframework.test.context.jdbc.SqlScriptsTestExecutionListener, org.springframework.test.context.event.EventPublishingTestExecutionListener]
20:20:45.532 [Test worker] DEBUG org.springframework.boot.test.context.SpringBootTestContextBootstrapper - Skipping candidate TestExecutionListener [org.springframework.test.context.transaction.TransactionalTestExecutionListener] due to a missing dependency. Specify custom listener classes or make the default listener classes and their required dependencies available. Offending class: [org/springframework/transaction/interceptor/TransactionAttributeSource]
20:20:45.532 [Test worker] DEBUG org.springframework.boot.test.context.SpringBootTestContextBootstrapper - Skipping candidate TestExecutionListener [org.springframework.test.context.jdbc.SqlScriptsTestExecutionListener] due to a missing dependency. Specify custom listener classes or make the default listener classes and their required dependencies available. Offending class: [org/springframework/transaction/interceptor/TransactionAttribute]
20:20:45.532 [Test worker] INFO org.springframework.boot.test.context.SpringBootTestContextBootstrapper - Using TestExecutionListeners: [org.springframework.test.context.web.ServletTestExecutionListener@408b35bf, org.springframework.test.context.support.DirtiesContextBeforeModesTestExecutionListener@29ad44e3, org.springframework.test.context.event.ApplicationEventsTestExecutionListener@15bcf458, org.springframework.boot.test.mock.mockito.MockitoTestExecutionListener@5af9926a, org.springframework.boot.test.autoconfigure.SpringBootDependencyInjectionTestExecutionListener@43c67247, org.springframework.test.context.support.DirtiesContextTestExecutionListener@fac80, org.springframework.test.context.event.EventPublishingTestExecutionListener@726386ed, org.springframework.boot.test.autoconfigure.restdocs.RestDocsTestExecutionListener@649f2009, org.springframework.boot.test.autoconfigure.web.client.MockRestServiceServerResetTestExecutionListener@14bb2297, org.springframework.boot.test.autoconfigure.web.servlet.MockMvcPrintOnlyOnFailureTestExecutionListener@69adf72c, org.springframework.boot.test.autoconfigure.web.servlet.WebDriverTestExecutionListener@797501a, org.springframework.boot.test.autoconfigure.webservices.client.MockWebServiceServerTestExecutionListener@1a15b789, org.springframework.boot.test.mock.mockito.ResetMocksTestExecutionListener@57f791c6]
20:20:45.535 [Test worker] DEBUG org.springframework.test.context.support.AbstractDirtiesContextTestExecutionListener - Before test class: context [DefaultTestContext@2ef8a8c3 testClass = HelloApplicationTests, testInstance = [null], testMethod = [null], testException = [null], mergedContextConfiguration = [WebMergedContextConfiguration@24f43aa3 testClass = HelloApplicationTests, locations = '{}', classes = '{class com.example.demo.HelloApplication}', contextInitializerClasses = '[]', activeProfiles = '{}', propertySourceLocations = '{}', propertySourceProperties = '{org.springframework.boot.test.context.SpringBootTestContextBootstrapper=true}', contextCustomizers = set[org.springframework.boot.test.autoconfigure.actuate.metrics.MetricsExportContextCustomizerFactory$DisableMetricExportContextCustomizer@11981797, org.springframework.boot.test.autoconfigure.properties.PropertyMappingContextCustomizer@0, org.springframework.boot.test.autoconfigure.web.servlet.WebDriverContextCustomizerFactory$Customizer@20f12539, org.springframework.boot.test.context.filter.ExcludeFilterContextCustomizer@5d2a4eed, org.springframework.boot.test.json.DuplicateJsonObjectContextCustomizerFactory$DuplicateJsonObjectContextCustomizer@77a98a6a, org.springframework.boot.test.mock.mockito.MockitoContextCustomizer@0, org.springframework.boot.test.web.client.TestRestTemplateContextCustomizer@aa549e5, org.springframework.boot.test.context.SpringBootTestArgs@1, org.springframework.boot.test.context.SpringBootTestWebEnvironment@41488b16], resourceBasePath = 'src/main/webapp', contextLoader = 'org.springframework.boot.test.context.SpringBootContextLoader', parent = [null]], attributes = map['org.springframework.test.context.web.ServletTestExecutionListener.activateListener' -> true]], class annotated with @DirtiesContext [false] with mode [null].

  .   ____          _            __ _ _
 /\\ / ___'_ __ _ _(_)_ __  __ _ \ \ \ \
( ( )\___ | '_ | '_| | '_ \/ _` | \ \ \ \
 \\/  ___)| |_)| | | | | || (_| |  ) ) ) )
  '  |____| .__|_| |_|_| |_\__, | / / / /
 =========|_|==============|___/=/_/_/_/
 :: Spring Boot ::                (v2.6.4)

2022-03-02 20:20:45.822  INFO 1852 --- [    Test worker] com.example.demo.HelloApplicationTests   : Starting HelloApplicationTests using Java 11.0.14 on DESKTOP-BP73NMV with PID 1852 (started by PC-25 in D:\A_TeachingMaterial\Spring입문\hello)
2022-03-02 20:20:45.824  INFO 1852 --- [    Test worker] com.example.demo.HelloApplicationTests   : No active profile set, falling back to 1 default profile: "default"
2022-03-02 20:20:46.836  INFO 1852 --- [    Test worker] o.s.b.a.w.s.WelcomePageHandlerMapping    : Adding welcome page: class path resource [static/index.html]
2022-03-02 20:20:47.019  INFO 1852 --- [    Test worker] com.example.demo.HelloApplicationTests   : Started HelloApplicationTests in 1.446 seconds (JVM running for 2.425)
]]></system-out>
  <system-err><![CDATA[]]></system-err>
</testsuite>
